<?xml version="1.0" encoding="UTF-8"?>
<!-- Generated by org.testng.reporters.JUnitReportReporter -->
<testsuite hostname="RSangroula" name="com.git.test.gitapi.GetApiTest" tests="10" failures="0" timestamp="5 Jun 2018 20:58:43 GMT" time="11.749" errors="0">
  <testcase name="verifySearchRepositoryBySizes" time="0.762" classname="com.git.test.gitapi.GetApiTest"/>
  <testcase name="verifySearchRepositoryUsingCreatedDate" time="1.164" classname="com.git.test.gitapi.GetApiTest"/>
  <testcase name="verifySearchRepositoryByLanguage" time="1.644" classname="com.git.test.gitapi.GetApiTest"/>
  <testcase name="verifySearchRepositoryByPushedDate" time="1.304" classname="com.git.test.gitapi.GetApiTest"/>
  <testcase name="verifySearchRepositoryByTopic" time="1.835" classname="com.git.test.gitapi.GetApiTest"/>
  <testcase name="verifySearchRepositoryByUser" time="1.121" classname="com.git.test.gitapi.GetApiTest"/>
  <testcase name="verifyCallToSearchRepo" time="1.744" classname="com.git.test.gitapi.GetApiTest"/>
  <testcase name="verifySearchRepositoryUsingLicenseKeyword" time="1.152" classname="com.git.test.gitapi.GetApiTest"/>
  <testcase name="verifySearchRepositoryUsingPagination" time="0.480" classname="com.git.test.gitapi.GetApiTest"/>
  <testcase name="verifySearchRepositorySortFeature" time="0.543" classname="com.git.test.gitapi.GetApiTest"/>
</testsuite> <!-- com.git.test.gitapi.GetApiTest -->
